<?xml version="1.0" encoding="UTF-8" ?>
<testsuite tests="3" failures="0" name="edu.umd.ncsg.SiloMatsimTest" time="6.103" errors="1" skipped="2">
  <properties>
    <property name="idea.version" value="2016.2.1"/>
    <property name="java.runtime.name" value="Java(TM) SE Runtime Environment"/>
    <property name="sun.boot.library.path" value="/Library/Java/JavaVirtualMachines/jdk1.8.0_60.jdk/Contents/Home/jre/lib"/>
    <property name="java.vm.version" value="25.60-b23"/>
    <property name="user.country.format" value="DE"/>
    <property name="gopherProxySet" value="false"/>
    <property name="java.vm.vendor" value="Oracle Corporation"/>
    <property name="java.vendor.url" value="http://java.oracle.com/"/>
    <property name="path.separator" value=":"/>
    <property name="java.vm.name" value="Java HotSpot(TM) 64-Bit Server VM"/>
    <property name="file.encoding.pkg" value="sun.io"/>
    <property name="user.country" value="US"/>
    <property name="sun.java.launcher" value="SUN_STANDARD"/>
    <property name="sun.os.patch.level" value="unknown"/>
    <property name="java.vm.specification.name" value="Java Virtual Machine Specification"/>
    <property name="user.dir" value="/Users/rm/git/projects/silo/silo"/>
    <property name="java.runtime.version" value="1.8.0_60-b27"/>
    <property name="java.awt.graphicsenv" value="sun.awt.CGraphicsEnvironment"/>
    <property name="basedir" value="/Users/rm/git/projects/silo/silo"/>
    <property name="java.endorsed.dirs" value="/Library/Java/JavaVirtualMachines/jdk1.8.0_60.jdk/Contents/Home/jre/lib/endorsed"/>
    <property name="os.arch" value="x86_64"/>
    <property name="java.io.tmpdir" value="/var/folders/1m/6z5vjv7s2xx9jb_fjmrj3cwc0000gn/T/"/>
    <property name="line.separator" value="
"/>
    <property name="java.vm.specification.vendor" value="Oracle Corporation"/>
    <property name="os.name" value="Mac OS X"/>
    <property name="sun.jnu.encoding" value="UTF-8"/>
    <property name="java.library.path" value="/Users/rm/Library/Java/Extensions:/Library/Java/Extensions:/Network/Library/Java/Extensions:/System/Library/Java/Extensions:/usr/lib/java:."/>
    <property name="surefire.test.class.path" value="/Users/rm/git/projects/silo/silo/target/test-classes:/Users/rm/git/projects/silo/silo/target/classes:/Users/rm/.m2/repository/log4j/log4j/1.2.15/log4j-1.2.15.jar:/Users/rm/.m2/repository/org/geotools/gt-main/13.0/gt-main-13.0.jar:/Users/rm/.m2/repository/org/geotools/gt-api/13.0/gt-api-13.0.jar:/Users/rm/.m2/repository/com/vividsolutions/jts/1.13/jts-1.13.jar:/Users/rm/.m2/repository/org/jdom/jdom/1.1.3/jdom-1.1.3.jar:/Users/rm/.m2/repository/javax/media/jai_core/1.1.3/jai_core-1.1.3.jar:/Users/rm/.m2/repository/org/geotools/gt-referencing/13.0/gt-referencing-13.0.jar:/Users/rm/.m2/repository/java3d/vecmath/1.3.2/vecmath-1.3.2.jar:/Users/rm/.m2/repository/commons-pool/commons-pool/1.5.4/commons-pool-1.5.4.jar:/Users/rm/.m2/repository/org/geotools/gt-metadata/13.0/gt-metadata-13.0.jar:/Users/rm/.m2/repository/org/geotools/gt-opengis/13.0/gt-opengis-13.0.jar:/Users/rm/.m2/repository/net/java/dev/jsr-275/jsr-275/1.0-beta-2/jsr-275-1.0-beta-2.jar:/Users/rm/.m2/repository/jgridshift/jgridshift/1.0/jgridshift-1.0.jar:/Users/rm/.m2/repository/org/geotools/gt-shapefile/13.0/gt-shapefile-13.0.jar:/Users/rm/.m2/repository/org/geotools/gt-data/13.0/gt-data-13.0.jar:/Users/rm/.m2/repository/org/geotools/gt-epsg-hsql/13.0/gt-epsg-hsql-13.0.jar:/Users/rm/.m2/repository/org/hsqldb/hsqldb/2.2.8/hsqldb-2.2.8.jar:/Users/rm/.m2/repository/org/jfree/jfreechart/1.0.19/jfreechart-1.0.19.jar:/Users/rm/.m2/repository/junit/junit/4.12/junit-4.12.jar:/Users/rm/.m2/repository/org/hamcrest/hamcrest-core/1.3/hamcrest-core-1.3.jar:/Users/rm/.m2/repository/org/jfree/jcommon/1.0.23/jcommon-1.0.23.jar:/Users/rm/.m2/repository/com/google/inject/guice/4.0/guice-4.0.jar:/Users/rm/.m2/repository/javax/inject/javax.inject/1/javax.inject-1.jar:/Users/rm/.m2/repository/aopalliance/aopalliance/1.0/aopalliance-1.0.jar:/Users/rm/.m2/repository/com/google/guava/guava/16.0.1/guava-16.0.1.jar:/Users/rm/.m2/repository/com/google/inject/extensions/guice-multibindings/4.0/guice-multibindings-4.0.jar:/Users/rm/.m2/repository/net/sf/trove4j/trove4j/3.0.3/trove4j-3.0.3.jar:/Users/rm/git/projects/silo/third-party/common-base/target/classes:/Users/rm/git/projects/silo/third-party/voyagerFileAPI/target/classes:/Users/rm/.m2/repository/net/java/dev/jna/jna/4.0.0/jna-4.0.0.jar:/Users/rm/git/projects/silo/third-party/transcad/target/classes:/Users/rm/.m2/repository/com/linuxense/javadbf/0.4.0/javadbf-0.4.0.jar:/Users/rm/.m2/repository/mysql/mysql-connector-java/3.1.14/mysql-connector-java-3.1.14.jar:/Users/rm/git/projects/silo/third-party/common-base/lib/dx.jar:/Users/rm/git/projects/silo/third-party/common-base/lib/cajo.jar:/Users/rm/git/projects/silo/third-party/common-base/lib/jds.jar:/Users/rm/git/projects/silo/third-party/common-base/../crowbar/crowbar.jar:/Users/rm/git/projects/silo/silo/../third-party/sawdust-util-1.0.jar:/Users/rm/git/projects/silo/silo/../third-party/omx.jar:/Users/rm/.m2/repository/org/matsim/matsim/0.9.0-SNAPSHOT/matsim-0.9.0-SNAPSHOT.jar:/Users/rm/.m2/repository/kml/kml/2.2.0/kml-2.2.0.jar:/Users/rm/.m2/repository/org/matsim/contrib/accessibility/0.9.0-SNAPSHOT/accessibility-0.9.0-SNAPSHOT.jar:/Users/rm/.m2/repository/org/matsim/contrib/roadpricing/0.9.0-SNAPSHOT/roadpricing-0.9.0-SNAPSHOT.jar:/Users/rm/.m2/repository/org/openstreetmap/osmosis/osmosis-core/0.43-RELEASE/osmosis-core-0.43-RELEASE.jar:/Users/rm/.m2/repository/org/codehaus/woodstox/stax2-api/3.1.1/stax2-api-3.1.1.jar:/Users/rm/.m2/repository/xerces/xercesImpl/2.9.1/xercesImpl-2.9.1.jar:/Users/rm/.m2/repository/org/codehaus/woodstox/woodstox-core-lgpl/4.1.4/woodstox-core-lgpl-4.1.4.jar:/Users/rm/.m2/repository/net/sf/jpf/jpf/1.5/jpf-1.5.jar:/Users/rm/.m2/repository/commons-logging/commons-logging/1.0.4/commons-logging-1.0.4.jar:/Users/rm/.m2/repository/org/apache/commons/commons-compress/1.4.1/commons-compress-1.4.1.jar:/Users/rm/.m2/repository/org/tukaani/xz/1.0/xz-1.0.jar:/Users/rm/.m2/repository/org/openstreetmap/osmosis/osmosis-xml/0.43-RELEASE/osmosis-xml-0.43-RELEASE.jar:/Users/rm/.m2/repository/commons-codec/commons-codec/1.7/commons-codec-1.7.jar:/Users/rm/.m2/repository/org/openstreetmap/osmosis/osmosis-tagfilter/0.43-RELEASE/osmosis-tagfilter-0.43-RELEASE.jar:/Users/rm/.m2/repository/org/openstreetmap/osmosis/osmosis-areafilter/0.43-RELEASE/osmosis-areafilter-0.43-RELEASE.jar:/Users/rm/.m2/repository/org/openstreetmap/osmosis/osmosis-set/0.43-RELEASE/osmosis-set-0.43-RELEASE.jar:/Users/rm/.m2/repository/org/openstreetmap/osmosis/osmosis-pbf/0.43-RELEASE/osmosis-pbf-0.43-RELEASE.jar:/Users/rm/.m2/repository/org/openstreetmap/osmosis/osmosis-osm-binary/0.43-RELEASE/osmosis-osm-binary-0.43-RELEASE.jar:/Users/rm/.m2/repository/com/google/protobuf/protobuf-java/2.4.1/protobuf-java-2.4.1.jar:/Users/rm/.m2/repository/org/matsim/contrib/analysis/0.9.0-SNAPSHOT/analysis-0.9.0-SNAPSHOT.jar:/Users/rm/.m2/repository/org/osgeo/proj4j/0.1.0/proj4j-0.1.0.jar:/Users/rm/.m2/repository/org/matsim/contrib/matsim4urbansim/0.9.0-SNAPSHOT/matsim4urbansim-0.9.0-SNAPSHOT.jar:/Users/rm/.m2/repository/com/sun/xml/bind/jaxb-xjc/2.2/jaxb-xjc-2.2.jar:/Users/rm/.m2/repository/com/sun/xml/bind/jaxb-impl/2.2/jaxb-impl-2.2.jar:/Users/rm/.m2/repository/javax/xml/bind/jaxb-api/2.2/jaxb-api-2.2.jar:/Users/rm/.m2/repository/javax/xml/stream/stax-api/1.0-2/stax-api-1.0-2.jar:/Users/rm/.m2/repository/javax/activation/activation/1.1/activation-1.1.jar:/Users/rm/.m2/repository/org/apache/commons/commons-math/2.2/commons-math-2.2.jar:/Users/rm/.m2/repository/com/googlecode/java-diff-utils/diffutils/1.2.1/diffutils-1.2.1.jar:/Users/rm/.m2/repository/org/matsim/contrib/matrixbasedptrouter/0.9.0-SNAPSHOT/matrixbasedptrouter-0.9.0-SNAPSHOT.jar:/Users/rm/.m2/repository/net/sourceforge/jexcelapi/jxl/2.6/jxl-2.6.jar:"/>
    <property name="java.specification.name" value="Java Platform API Specification"/>
    <property name="java.class.version" value="52.0"/>
    <property name="sun.management.compiler" value="HotSpot 64-Bit Tiered Compilers"/>
    <property name="os.version" value="10.11.6"/>
    <property name="http.nonProxyHosts" value="local|*.local|169.254/16|*.169.254/16"/>
    <property name="user.home" value="/Users/rm"/>
    <property name="user.timezone" value="Europe/Berlin"/>
    <property name="java.awt.printerjob" value="sun.lwawt.macosx.CPrinterJob"/>
    <property name="java.specification.version" value="1.8"/>
    <property name="file.encoding" value="UTF-8"/>
    <property name="user.name" value="rm"/>
    <property name="java.class.path" value="/Users/rm/git/projects/silo/silo/target/surefire/surefirebooter7637132706337149932.jar"/>
    <property name="matsim.preferLocalDtds" value="true"/>
    <property name="java.vm.specification.version" value="1.8"/>
    <property name="sun.arch.data.model" value="64"/>
    <property name="java.home" value="/Library/Java/JavaVirtualMachines/jdk1.8.0_60.jdk/Contents/Home/jre"/>
    <property name="sun.java.command" value="/Users/rm/git/projects/silo/silo/target/surefire/surefirebooter7637132706337149932.jar /Users/rm/git/projects/silo/silo/target/surefire/surefire6988957602766337940tmp /Users/rm/git/projects/silo/silo/target/surefire/surefire7334102167854422152tmp"/>
    <property name="ncsa.hdf.hdf5lib.H5.hdf5lib" value="${hdf5lib-absolute-path}"/>
    <property name="java.specification.vendor" value="Oracle Corporation"/>
    <property name="user.language" value="en"/>
    <property name="awt.toolkit" value="sun.lwawt.macosx.LWCToolkit"/>
    <property name="java.vm.info" value="mixed mode"/>
    <property name="java.version" value="1.8.0_60"/>
    <property name="java.ext.dirs" value="/Users/rm/Library/Java/Extensions:/Library/Java/JavaVirtualMachines/jdk1.8.0_60.jdk/Contents/Home/jre/lib/ext:/Library/Java/Extensions:/Network/Library/Java/Extensions:/System/Library/Java/Extensions:/usr/lib/java"/>
    <property name="sun.boot.class.path" value="/Library/Java/JavaVirtualMachines/jdk1.8.0_60.jdk/Contents/Home/jre/lib/resources.jar:/Library/Java/JavaVirtualMachines/jdk1.8.0_60.jdk/Contents/Home/jre/lib/rt.jar:/Library/Java/JavaVirtualMachines/jdk1.8.0_60.jdk/Contents/Home/jre/lib/sunrsasign.jar:/Library/Java/JavaVirtualMachines/jdk1.8.0_60.jdk/Contents/Home/jre/lib/jsse.jar:/Library/Java/JavaVirtualMachines/jdk1.8.0_60.jdk/Contents/Home/jre/lib/jce.jar:/Library/Java/JavaVirtualMachines/jdk1.8.0_60.jdk/Contents/Home/jre/lib/charsets.jar:/Library/Java/JavaVirtualMachines/jdk1.8.0_60.jdk/Contents/Home/jre/lib/jfr.jar:/Library/Java/JavaVirtualMachines/jdk1.8.0_60.jdk/Contents/Home/jre/classes"/>
    <property name="java.vendor" value="Oracle Corporation"/>
    <property name="java.awt.headless" value="true"/>
    <property name="localRepository" value="/Users/rm/.m2/repository"/>
    <property name="file.separator" value="/"/>
    <property name="java.vendor.url.bug" value="http://bugreport.sun.com/bugreport/"/>
    <property name="sun.cpu.endian" value="little"/>
    <property name="sun.io.unicode.encoding" value="UnicodeBig"/>
    <property name="socksNonProxyHosts" value="local|*.local|169.254/16|*.169.254/16"/>
    <property name="ftp.nonProxyHosts" value="local|*.local|169.254/16|*.169.254/16"/>
    <property name="sun.cpu.isalist" value=""/>
  </properties>
  <testcase classname="edu.umd.ncsg.SiloMatsimTest" name="testMainAnnapolis" time="0">
    <skipped/>
  </testcase>
  <testcase classname="edu.umd.ncsg.SiloMatsimTest" name="testMainAnnapolisReducedNetwork" time="0.004">
    <skipped/>
  </testcase>
  <testcase classname="edu.umd.ncsg.SiloMatsimTest" name="testMainReduced" time="5.752">
    <error message="Invalid HDF5 library, ${hdf5lib-absolute-path}" type="java.lang.UnsatisfiedLinkError">java.lang.UnsatisfiedLinkError: Invalid HDF5 library, ${hdf5lib-absolute-path}
	at ncsa.hdf.hdf5lib.H5.loadH5Lib(H5.java:336)
	at ncsa.hdf.hdf5lib.H5.&lt;clinit&gt;(H5.java:274)
	at ncsa.hdf.hdf5lib.HDF5Constants.&lt;clinit&gt;(HDF5Constants.java:28)
	at omx.hdf5.OmxHdf5File.open(OmxHdf5File.java:72)
	at omx.hdf5.OmxHdf5File.openReadOnly(OmxHdf5File.java:50)
	at omx.OmxFile.openReadOnly(OmxFile.java:76)
	at edu.umd.ncsg.data.Accessibility.readSkim(Accessibility.java:68)
	at edu.umd.ncsg.data.Accessibility.&lt;init&gt;(Accessibility.java:53)
	at edu.umd.ncsg.SiloModelContainer.createSiloModelContainer(SiloModelContainer.java:109)
	at edu.umd.ncsg.SiloModel.runModel(SiloModel.java:147)
	at edu.umd.ncsg.SiloMatsim.run(SiloMatsim.java:58)
	at edu.umd.ncsg.SiloMatsimTest.testMainReduced(SiloMatsimTest.java:161)
	at sun.reflect.NativeMethodAccessorImpl.invoke0(Native Method)
	at sun.reflect.NativeMethodAccessorImpl.invoke(NativeMethodAccessorImpl.java:62)
	at sun.reflect.DelegatingMethodAccessorImpl.invoke(DelegatingMethodAccessorImpl.java:43)
	at java.lang.reflect.Method.invoke(Method.java:497)
	at org.junit.runners.model.FrameworkMethod$1.runReflectiveCall(FrameworkMethod.java:50)
	at org.junit.internal.runners.model.ReflectiveCallable.run(ReflectiveCallable.java:12)
	at org.junit.runners.model.FrameworkMethod.invokeExplosively(FrameworkMethod.java:47)
	at org.junit.internal.runners.statements.InvokeMethod.evaluate(InvokeMethod.java:17)
	at org.junit.rules.TestWatchman$1.evaluate(TestWatchman.java:53)
	at org.junit.runners.ParentRunner.runLeaf(ParentRunner.java:325)
	at org.junit.runners.BlockJUnit4ClassRunner.runChild(BlockJUnit4ClassRunner.java:78)
	at org.junit.runners.BlockJUnit4ClassRunner.runChild(BlockJUnit4ClassRunner.java:57)
	at org.junit.runners.ParentRunner$3.run(ParentRunner.java:290)
	at org.junit.runners.ParentRunner$1.schedule(ParentRunner.java:71)
	at org.junit.runners.ParentRunner.runChildren(ParentRunner.java:288)
	at org.junit.runners.ParentRunner.access$000(ParentRunner.java:58)
	at org.junit.runners.ParentRunner$2.evaluate(ParentRunner.java:268)
	at org.junit.runners.ParentRunner.run(ParentRunner.java:363)
	at org.apache.maven.surefire.junit4.JUnit4TestSet.execute(JUnit4TestSet.java:53)
	at org.apache.maven.surefire.junit4.JUnit4Provider.executeTestSet(JUnit4Provider.java:119)
	at org.apache.maven.surefire.junit4.JUnit4Provider.invoke(JUnit4Provider.java:101)
	at sun.reflect.NativeMethodAccessorImpl.invoke0(Native Method)
	at sun.reflect.NativeMethodAccessorImpl.invoke(NativeMethodAccessorImpl.java:62)
	at sun.reflect.DelegatingMethodAccessorImpl.invoke(DelegatingMethodAccessorImpl.java:43)
	at java.lang.reflect.Method.invoke(Method.java:497)
	at org.apache.maven.surefire.booter.ProviderFactory$ClassLoaderProxy.invoke(ProviderFactory.java:103)
	at com.sun.proxy.$Proxy0.invoke(Unknown Source)
	at org.apache.maven.surefire.booter.SurefireStarter.invokeProvider(SurefireStarter.java:150)
	at org.apache.maven.surefire.booter.SurefireStarter.runSuitesInProcess(SurefireStarter.java:74)
	at org.apache.maven.surefire.booter.ForkedBooter.main(ForkedBooter.java:69)
</error>
    <system-out>2016-08-10 13:13:52,558  INFO SiloMstmTest:29 cleaning up ...
2016-08-10 13:13:52,576  INFO Config:131 context=[file:/Users/rm/git/projects/silo/silo/]
2016-08-10 13:13:52,650  INFO MatsimXmlParser:155 starting to parse xml from url file:/Users/rm/git/projects/silo/silo/./test/scenarios/annapolis_reduced/matsim/config.xml ...
2016-08-10 13:13:52,763  INFO ConfigReader:102 using config_v2-reader
2016-08-10 13:13:52,764  INFO MatsimXmlParser:306 Using local DTD from classpath:dtd/config_v2.dtd
2016-08-10 13:13:52,773  INFO GlobalConfigGroup:71 setting number of threads to: 1
2016-08-10 13:13:52,775  INFO Config:131 context=[file:/Users/rm/git/projects/silo/silo/]
2016-08-10 13:13:53,116  INFO SiloMatsim:52 Starting SILO program for MATSim
2016-08-10 13:13:53,117  INFO SiloMatsim:53 Scenario: test_reduced_matsim, Simulation start year: 2000
2016-08-10 13:13:53,123  INFO SiloModel:139 Start SILO Model
2016-08-10 13:13:53,138  INFO HouseholdDataManager:85 Reading household micro data from ascii file
2016-08-10 13:13:53,141  INFO HouseholdDataManager:124 Finished reading 100 households.
2016-08-10 13:13:53,141  INFO HouseholdDataManager:164 Reading person micro data from ascii file
2016-08-10 13:13:53,152  INFO HouseholdDataManager:213 Finished reading 247 persons.
2016-08-10 13:13:53,153  INFO RealEstateDataManager:73 Reading dwelling micro data from ascii file
2016-08-10 13:13:53,156  INFO RealEstateDataManager:119 Finished reading 100 dwellings.
2016-08-10 13:13:53,157  INFO JobDataManager:74 Reading job micro data from ascii file
2016-08-10 13:13:53,160  INFO JobDataManager:110 Finished reading 144 jobs.
2016-08-10 13:13:53,164  INFO JobDataManager:168   Interpolating employment forecast for all years from 2000 to 2040
2016-08-10 13:13:53,681  INFO JobDataManager:247   Identifying vacant jobs
2016-08-10 13:13:53,683  INFO RealEstateDataManager:188 Reading land use data
2016-08-10 13:13:53,724  INFO RealEstateDataManager:134   Identifying vacant dwellings
2016-08-10 13:13:53,725  INFO SiloModelContainer:103 Creating UEC Models
2016-08-10 13:13:53,900  INFO UtilityExpressionCalculator:600 
----------------------------------- Variable Table --------------------------------------------

                                                           value    orig    dest    name  chg by
Index   Name                         Type                  index   index   index   index     alt

    0   @personType                  Object                    0      -1      -1      -1       F
    1   @personType                  Object                    1      -1      -1      -1       F
    2   @personType                  Object                    2      -1      -1      -1       F
    3   @personType                  Object                    3      -1      -1      -1       F
    4   @personType                  Object                    4      -1      -1      -1       F
    5   @personType                  Object                    5      -1      -1      -1       F
    6   @personType                  Object                    6      -1      -1      -1       F
    7   @personType                  Object                    7      -1      -1      -1       F
    8   @personType                  Object                    8      -1      -1      -1       F
    9   @personType                  Object                    9      -1      -1      -1       F
   10   @personType                  Object                   10      -1      -1      -1       F
   11   @personType                  Object                   11      -1      -1      -1       F
   12   @personType                  Object                   12      -1      -1      -1       F
   13   @personType                  Object                   13      -1      -1      -1       F
   14   @personType                  Object                   14      -1      -1      -1       F
   15   @personType                  Object                   15      -1      -1      -1       F
   16   @personType                  Object                   16      -1      -1      -1       F
   17   @personType                  Object                   17      -1      -1      -1       F
   18   @personType                  Object                   18      -1      -1      -1       F
   19   @personType                  Object                   19      -1      -1      -1       F
   20   @personType                  Object                   20      -1      -1      -1       F
   21   @personType                  Object                   21      -1      -1      -1       F
   22   @personType                  Object                   22      -1      -1      -1       F
   23   @personType                  Object                   23      -1      -1      -1       F
   24   @personType                  Object                   24      -1      -1      -1       F
   25   @personType                  Object                   25      -1      -1      -1       F
   26   @personType                  Object                   26      -1      -1      -1       F
   27   @personType                  Object                   27      -1      -1      -1       F
   28   @personType                  Object                   28      -1      -1      -1       F
   29   @personType                  Object                   29      -1      -1      -1       F
   30   @personType                  Object                   30      -1      -1      -1       F
   31   @personType                  Object                   31      -1      -1      -1       F
   32   @personType                  Object                   32      -1      -1      -1       F
   33   @personType                  Object                   33      -1      -1      -1       F
   34   @personType                  Object                   34      -1      -1      -1       F
   35   @personType                  Object                   35      -1      -1      -1       F
   36   @personType                  Object                   36      -1      -1      -1       F
   37   @personType                  Object                   37      -1      -1      -1       F
   38   @personType                  Object                   38      -1      -1      -1       F
   39   @personType                  Object                   39      -1      -1      -1       F
   40   @personType                  Object                   40      -1      -1      -1       F
   41   @personType                  Object                   41      -1      -1      -1       F
   42   @personType                  Object                   42      -1      -1      -1       F
   43   @personType                  Object                   43      -1      -1      -1       F

2016-08-10 13:13:55,118  INFO UtilityExpressionCalculator:600 
----------------------------------- Variable Table --------------------------------------------

                                                           value    orig    dest    name  chg by
Index   Name                         Type                  index   index   index   index     alt

    0   @personType                  Object                    0      -1      -1      -1       F
    1   @personType                  Object                    1      -1      -1      -1       F
    2   @personType                  Object                    2      -1      -1      -1       F
    3   @personType                  Object                    3      -1      -1      -1       F
    4   @personType                  Object                    4      -1      -1      -1       F
    5   @personType                  Object                    5      -1      -1      -1       F
    6   @personType                  Object                    6      -1      -1      -1       F
    7   @personType                  Object                    7      -1      -1      -1       F
    8   @personType                  Object                    8      -1      -1      -1       F
    9   @personType                  Object                    9      -1      -1      -1       F
   10   @personType                  Object                   10      -1      -1      -1       F
   11   @personType                  Object                   11      -1      -1      -1       F
   12   @personType                  Object                   12      -1      -1      -1       F
   13   @personType                  Object                   13      -1      -1      -1       F
   14   @personType                  Object                   14      -1      -1      -1       F
   15   @personType                  Object                   15      -1      -1      -1       F
   16   @personType                  Object                   16      -1      -1      -1       F
   17   @personType                  Object                   17      -1      -1      -1       F
   18   @personType                  Object                   18      -1      -1      -1       F
   19   @personType                  Object                   19      -1      -1      -1       F
   20   @personType                  Object                   20      -1      -1      -1       F
   21   @personType                  Object                   21      -1      -1      -1       F

2016-08-10 13:13:55,928  INFO UtilityExpressionCalculator:600 
----------------------------------- Variable Table --------------------------------------------

                                                           value    orig    dest    name  chg by
Index   Name                         Type                  index   index   index   index     alt

    0   @personType                  Object                    0      -1      -1      -1       F
    1   @personType                  Object                    1      -1      -1      -1       F
    2   @personType                  Object                    2      -1      -1      -1       F
    3   @personType                  Object                    3      -1      -1      -1       F
    4   @personType                  Object                    4      -1      -1      -1       F
    5   @personType                  Object                    5      -1      -1      -1       F
    6   @personType                  Object                    6      -1      -1      -1       F
    7   @personType                  Object                    7      -1      -1      -1       F
    8   @personType                  Object                    8      -1      -1      -1       F
    9   @personType                  Object                    9      -1      -1      -1       F
   10   @personType                  Object                   10      -1      -1      -1       F
   11   @personType                  Object                   11      -1      -1      -1       F
   12   @personType                  Object                   12      -1      -1      -1       F
   13   @personType                  Object                   13      -1      -1      -1       F
   14   @personType                  Object                   14      -1      -1      -1       F
   15   @personType                  Object                   15      -1      -1      -1       F
   16   @personType                  Object                   16      -1      -1      -1       F
   17   @personType                  Object                   17      -1      -1      -1       F
   18   @personType                  Object                   18      -1      -1      -1       F
   19   @personType                  Object                   19      -1      -1      -1       F
   20   @personType                  Object                   20      -1      -1      -1       F
   21   @personType                  Object                   21      -1      -1      -1       F
   22   @personType                  Object                   22      -1      -1      -1       F
   23   @personType                  Object                   23      -1      -1      -1       F
   24   @personType                  Object                   24      -1      -1      -1       F
   25   @personType                  Object                   25      -1      -1      -1       F
   26   @personType                  Object                   26      -1      -1      -1       F
   27   @personType                  Object                   27      -1      -1      -1       F
   28   @personType                  Object                   28      -1      -1      -1       F
   29   @personType                  Object                   29      -1      -1      -1       F
   30   @personType                  Object                   30      -1      -1      -1       F
   31   @personType                  Object                   31      -1      -1      -1       F
   32   @personType                  Object                   32      -1      -1      -1       F
   33   @personType                  Object                   33      -1      -1      -1       F
   34   @personType                  Object                   34      -1      -1      -1       F
   35   @personType                  Object                   35      -1      -1      -1       F
   36   @personType                  Object                   36      -1      -1      -1       F
   37   @personType                  Object                   37      -1      -1      -1       F
   38   @personType                  Object                   38      -1      -1      -1       F
   39   @personType                  Object                   39      -1      -1      -1       F
   40   @personType                  Object                   40      -1      -1      -1       F
   41   @personType                  Object                   41      -1      -1      -1       F
   42   @personType                  Object                   42      -1      -1      -1       F
   43   @personType                  Object                   43      -1      -1      -1       F

2016-08-10 13:13:56,738  INFO UtilityExpressionCalculator:600 
----------------------------------- Variable Table --------------------------------------------

                                                           value    orig    dest    name  chg by
Index   Name                         Type                  index   index   index   index     alt

    0   @personType                  Object                    0      -1      -1      -1       F
    1   @personType                  Object                    1      -1      -1      -1       F
    2   @personType                  Object                    2      -1      -1      -1       F
    3   @personType                  Object                    3      -1      -1      -1       F
    4   @personType                  Object                    4      -1      -1      -1       F
    5   @personType                  Object                    5      -1      -1      -1       F
    6   @personType                  Object                    6      -1      -1      -1       F
    7   @personType                  Object                    7      -1      -1      -1       F
    8   @personType                  Object                    8      -1      -1      -1       F
    9   @personType                  Object                    9      -1      -1      -1       F
   10   @personType                  Object                   10      -1      -1      -1       F
   11   @personType                  Object                   11      -1      -1      -1       F
   12   @personType                  Object                   12      -1      -1      -1       F
   13   @personType                  Object                   13      -1      -1      -1       F
   14   @personType                  Object                   14      -1      -1      -1       F
   15   @personType                  Object                   15      -1      -1      -1       F
   16   @personType                  Object                   16      -1      -1      -1       F
   17   @personType                  Object                   17      -1      -1      -1       F
   18   @personType                  Object                   18      -1      -1      -1       F
   19   @personType                  Object                   19      -1      -1      -1       F
   20   @personType                  Object                   20      -1      -1      -1       F
   21   @personType                  Object                   21      -1      -1      -1       F
   22   @personType                  Object                   22      -1      -1      -1       F
   23   @personType                  Object                   23      -1      -1      -1       F
   24   @personType                  Object                   24      -1      -1      -1       F
   25   @personType                  Object                   25      -1      -1      -1       F
   26   @personType                  Object                   26      -1      -1      -1       F
   27   @personType                  Object                   27      -1      -1      -1       F
   28   @personType                  Object                   28      -1      -1      -1       F
   29   @personType                  Object                   29      -1      -1      -1       F
   30   @personType                  Object                   30      -1      -1      -1       F
   31   @personType                  Object                   31      -1      -1      -1       F
   32   @personType                  Object                   32      -1      -1      -1       F
   33   @personType                  Object                   33      -1      -1      -1       F
   34   @personType                  Object                   34      -1      -1      -1       F
   35   @personType                  Object                   35      -1      -1      -1       F
   36   @personType                  Object                   36      -1      -1      -1       F
   37   @personType                  Object                   37      -1      -1      -1       F
   38   @personType                  Object                   38      -1      -1      -1       F
   39   @personType                  Object                   39      -1      -1      -1       F
   40   @personType                  Object                   40      -1      -1      -1       F
   41   @personType                  Object                   41      -1      -1      -1       F
   42   @personType                  Object                   42      -1      -1      -1       F
   43   @personType                  Object                   43      -1      -1      -1       F

2016-08-10 13:13:57,532  INFO UtilityExpressionCalculator:600 
----------------------------------- Variable Table --------------------------------------------

                                                           value    orig    dest    name  chg by
Index   Name                         Type                  index   index   index   index     alt

    0   @personType                  Object                    0      -1      -1      -1       F
    1   @personType                  Object                    1      -1      -1      -1       F
    2   @personType                  Object                    2      -1      -1      -1       F
    3   @personType                  Object                    3      -1      -1      -1       F
    4   @personType                  Object                    4      -1      -1      -1       F
    5   @personType                  Object                    5      -1      -1      -1       F
    6   @personType                  Object                    6      -1      -1      -1       F
    7   @personType                  Object                    7      -1      -1      -1       F
    8   @personType                  Object                    8      -1      -1      -1       F
    9   @personType                  Object                    9      -1      -1      -1       F
   10   @personType                  Object                   10      -1      -1      -1       F
   11   @personType                  Object                   11      -1      -1      -1       F
   12   @personType                  Object                   12      -1      -1      -1       F
   13   @personType                  Object                   13      -1      -1      -1       F
   14   @personType                  Object                   14      -1      -1      -1       F
   15   @personType                  Object                   15      -1      -1      -1       F
   16   @personType                  Object                   16      -1      -1      -1       F
   17   @personType                  Object                   17      -1      -1      -1       F
   18   @personType                  Object                   18      -1      -1      -1       F
   19   @personType                  Object                   19      -1      -1      -1       F
   20   @personType                  Object                   20      -1      -1      -1       F
   21   @personType                  Object                   21      -1      -1      -1       F
   22   @personType                  Object                   22      -1      -1      -1       F
   23   @personType                  Object                   23      -1      -1      -1       F
   24   @personType                  Object                   24      -1      -1      -1       F
   25   @personType                  Object                   25      -1      -1      -1       F
   26   @personType                  Object                   26      -1      -1      -1       F
   27   @personType                  Object                   27      -1      -1      -1       F
   28   @personType                  Object                   28      -1      -1      -1       F
   29   @personType                  Object                   29      -1      -1      -1       F
   30   @personType                  Object                   30      -1      -1      -1       F
   31   @personType                  Object                   31      -1      -1      -1       F
   32   @personType                  Object                   32      -1      -1      -1       F
   33   @personType                  Object                   33      -1      -1      -1       F
   34   @personType                  Object                   34      -1      -1      -1       F
   35   @personType                  Object                   35      -1      -1      -1       F
   36   @personType                  Object                   36      -1      -1      -1       F
   37   @personType                  Object                   37      -1      -1      -1       F
   38   @personType                  Object                   38      -1      -1      -1       F
   39   @personType                  Object                   39      -1      -1      -1       F
   40   @personType                  Object                   40      -1      -1      -1       F
   41   @personType                  Object                   41      -1      -1      -1       F
   42   @personType                  Object                   42      -1      -1      -1       F
   43   @personType                  Object                   43      -1      -1      -1       F

2016-08-10 13:13:58,280  INFO Accessibility:63 Reading skims for 2000
2016-08-10 13:13:58,304  INFO SiloMatsim:70 Runtime: 0 hours and 0 minutes.
</system-out>
    <system-err>2016-08-10 13:13:52,883 ERROR SiloUtil:109 Creating Directory: ./test/scenarios/annapolis_reduced/scenOutput/test_reduced_matsim
2016-08-10 13:13:53,503 ERROR SiloUtil:109 Creating Directory: ./test/scenarios/annapolis_reduced/scenOutput/test_reduced_matsim/employmentForecast/
Warning:  Property storage name for 5 is empty - setting to Root Entry
Warning:  Property storage name for 5 is empty - setting to Root Entry
Warning:  Property storage name for 5 is empty - setting to Root Entry
Warning:  Property storage name for 5 is empty - setting to Root Entry
Warning:  Property storage name for 5 is empty - setting to Root Entry
</system-err>
  </testcase>
</testsuite>